<?xml version="1.0" encoding="UTF-8"?>
<!-- Generated by org.testng.reporters.JUnitXMLReporter -->
<testsuite hostname="DESKTOP-GEMRENE" name="Maven testing" tests="12" failures="0" timestamp="1 May 2019 18:38:11 GMT" time="0.052" errors="0">
  <testcase name="div" time="0.028" classname="com.qa.tests.WebTest"/>
  <testcase name="multi" time="0.0" classname="com.qa.tests.WebTest"/>
  <testcase name="sub" time="0.0" classname="com.qa.tests.WebTest"/>
  <testcase name="sum" time="0.0" classname="com.qa.tests.WebTest"/>
  <testcase name="div" time="0.0" classname="com.qa.tests.WebTest1"/>
  <testcase name="multi" time="0.0" classname="com.qa.tests.WebTest1"/>
  <testcase name="sub" time="0.0" classname="com.qa.tests.WebTest1"/>
  <testcase name="sum" time="0.0" classname="com.qa.tests.WebTest1"/>
  <testcase name="div" time="0.0" classname="com.qa.tests.WebTest2"/>
  <testcase name="multi" time="0.0" classname="com.qa.tests.WebTest2"/>
  <testcase name="sub" time="0.0" classname="com.qa.tests.WebTest2"/>
  <testcase name="sum" time="0.0" classname="com.qa.tests.WebTest2"/>
</testsuite> <!-- Maven testing -->
