<?xml version="1.0" encoding="UTF-8"?>
<!-- Generated by org.testng.reporters.JUnitXMLReporter -->
<testsuite hostname="DESKTOP-GEMRENE" name="Maven testing" tests="9" failures="0" timestamp="2 May 2019 16:01:21 GMT" time="59.363" errors="0">
  <testcase name="gmaillinkTest" time="1.967" classname="com.qa.tests.GoogleTitileTest"/>
  <testcase name="googleLogoTest" time="0.066" classname="com.qa.tests.GoogleTitileTest"/>
  <testcase name="googleLogoTest" time="0.063" classname="com.qa.tests.GoogleTitileTest"/>
  <testcase name="googleLogoTest" time="0.071" classname="com.qa.tests.GoogleTitileTest"/>
  <testcase name="googleLogoTest" time="0.051" classname="com.qa.tests.GoogleTitileTest"/>
  <testcase name="googleLogoTest" time="0.062" classname="com.qa.tests.GoogleTitileTest"/>
  <testcase name="gmailClickTest" time="3.065" classname="com.qa.tests.GoogleTitileTest"/>
  <testcase name="gmailLinkTest" time="0.058" classname="com.qa.tests.GoogleTitileTest"/>
  <testcase name="googleTitleTest" time="0.01" classname="com.qa.tests.GoogleTitileTest"/>
</testsuite> <!-- Maven testing -->
