<?xml version="1.0" encoding="UTF-8"?>
<!-- Generated by org.testng.reporters.JUnitXMLReporter -->
<testsuite hostname="DESKTOP-GEMRENE" name="Default test" tests="4" failures="0" timestamp="1 May 2019 17:14:05 GMT" time="0.073" errors="0">
  <testcase name="div" time="0.027" classname="com.qa.tests.WebTest"/>
  <testcase name="multi" time="0.009" classname="com.qa.tests.WebTest"/>
  <testcase name="sub" time="0.006" classname="com.qa.tests.WebTest"/>
  <testcase name="sum" time="0.002" classname="com.qa.tests.WebTest"/>
</testsuite> <!-- Default test -->
